build/outputs/logs/manifest-merger-debug-report.txt
-- Merging decision tree log ---
manifest
ADDED from android_studio\NaviDemo\AndroidManifest.xml:2:1-258:12
	xmlns:android
		ADDED from android_studio\NaviDemo\AndroidManifest.xml:4:5-63
	package
		ADDED from android_studio\NaviDemo\AndroidManifest.xml:3:5-33
	android:versionName
		ADDED from android_studio\NaviDemo\AndroidManifest.xml:6:5-30
		INJECTED from android_studio\NaviDemo\AndroidManifest.xml
		INJECTED from android_studio\NaviDemo\AndroidManifest.xml
	android:versionCode
		ADDED from android_studio\NaviDemo\AndroidManifest.xml:5:5-28
		INJECTED from android_studio\NaviDemo\AndroidManifest.xml
		INJECTED from android_studio\NaviDemo\AndroidManifest.xml
uses-sdk
ADDED from android_studio\NaviDemo\AndroidManifest.xml:8:5-10:40
	android:targetSdkVersion
		ADDED from android_studio\NaviDemo\AndroidManifest.xml:10:9-38
	android:minSdkVersion
		ADDED from android_studio\NaviDemo\AndroidManifest.xml:9:9-34
application
ADDED from android_studio\NaviDemo\AndroidManifest.xml:12:5-247:19
	android:label
		ADDED from android_studio\NaviDemo\AndroidManifest.xml:16:9-41
	android:allowBackup
		ADDED from android_studio\NaviDemo\AndroidManifest.xml:14:9-36
	android:icon
		ADDED from android_studio\NaviDemo\AndroidManifest.xml:15:9-45
	android:theme
		ADDED from android_studio\NaviDemo\AndroidManifest.xml:17:9-51
	android:name
		ADDED from android_studio\NaviDemo\AndroidManifest.xml:18:9-29
meta-data#com.amap.api.v2.apikey
ADDED from android_studio\NaviDemo\AndroidManifest.xml:19:9-21:36
	android:name
		ADDED from android_studio\NaviDemo\AndroidManifest.xml:20:13-50
	android:value
		ADDED from android_studio\NaviDemo\AndroidManifest.xml:21:13-34
activity#com.amap.navi.demo.activity.IndexActivity
ADDED from android_studio\NaviDemo\AndroidManifest.xml:23:9-31:20
	android:screenOrientation
		ADDED from android_studio\NaviDemo\AndroidManifest.xml:26:13-49
	android:label
		ADDED from android_studio\NaviDemo\AndroidManifest.xml:25:13-45
	android:name
		ADDED from android_studio\NaviDemo\AndroidManifest.xml:24:13-51
intent-filter#android.intent.action.MAIN+android.intent.category.LAUNCHER
ADDED from android_studio\NaviDemo\AndroidManifest.xml:27:13-30:29
action#android.intent.action.MAIN
ADDED from android_studio\NaviDemo\AndroidManifest.xml:28:17-68
	android:name
		ADDED from android_studio\NaviDemo\AndroidManifest.xml:28:25-66
category#android.intent.category.LAUNCHER
ADDED from android_studio\NaviDemo\AndroidManifest.xml:29:17-76
	android:name
		ADDED from android_studio\NaviDemo\AndroidManifest.xml:29:27-74
activity#com.amap.navi.demo.activity.BasicNaviActivity
ADDED from android_studio\NaviDemo\AndroidManifest.xml:34:9-39:20
	android:label
		ADDED from android_studio\NaviDemo\AndroidManifest.xml:37:13-45
	android:configChanges
		ADDED from android_studio\NaviDemo\AndroidManifest.xml:36:13-74
	android:theme
		ADDED from android_studio\NaviDemo\AndroidManifest.xml:38:13-66
	android:name
		ADDED from android_studio\NaviDemo\AndroidManifest.xml:35:13-73
activity#com.amap.navi.demo.activity.CustomZoomInIntersectionViewActivity
ADDED from android_studio\NaviDemo\AndroidManifest.xml:41:9-46:20
	android:label
		ADDED from android_studio\NaviDemo\AndroidManifest.xml:44:13-45
	android:configChanges
		ADDED from android_studio\NaviDemo\AndroidManifest.xml:43:13-74
	android:theme
		ADDED from android_studio\NaviDemo\AndroidManifest.xml:45:13-66
	android:name
		ADDED from android_studio\NaviDemo\AndroidManifest.xml:42:13-92
activity#com.amap.navi.demo.activity.CustomRouteActivity
ADDED from android_studio\NaviDemo\AndroidManifest.xml:49:9-54:20
	android:label
		ADDED from android_studio\NaviDemo\AndroidManifest.xml:52:13-45
	android:configChanges
		ADDED from android_studio\NaviDemo\AndroidManifest.xml:51:13-74
	android:theme
		ADDED from android_studio\NaviDemo\AndroidManifest.xml:53:13-66
	android:name
		ADDED from android_studio\NaviDemo\AndroidManifest.xml:50:13-75
activity#com.amap.navi.demo.activity.CustomDriveWayViewActivity
ADDED from android_studio\NaviDemo\AndroidManifest.xml:56:9-61:20
	android:label
		ADDED from android_studio\NaviDemo\AndroidManifest.xml:59:13-45
	android:configChanges
		ADDED from android_studio\NaviDemo\AndroidManifest.xml:58:13-74
	android:theme
		ADDED from android_studio\NaviDemo\AndroidManifest.xml:60:13-66
	android:name
		ADDED from android_studio\NaviDemo\AndroidManifest.xml:57:13-82
activity#com.amap.navi.demo.activity.HudDisplayActivity
ADDED from android_studio\NaviDemo\AndroidManifest.xml:63:9-68:20
	android:label
		ADDED from android_studio\NaviDemo\AndroidManifest.xml:66:13-45
	android:configChanges
		ADDED from android_studio\NaviDemo\AndroidManifest.xml:65:13-74
	android:theme
		ADDED from android_studio\NaviDemo\AndroidManifest.xml:67:13-66
	android:name
		ADDED from android_studio\NaviDemo\AndroidManifest.xml:64:13-74
activity#com.amap.navi.demo.activity.IntelligentBroadcastActivity
ADDED from android_studio\NaviDemo\AndroidManifest.xml:70:9-75:20
	android:label
		ADDED from android_studio\NaviDemo\AndroidManifest.xml:73:13-45
	android:configChanges
		ADDED from android_studio\NaviDemo\AndroidManifest.xml:72:13-74
	android:theme
		ADDED from android_studio\NaviDemo\AndroidManifest.xml:74:13-66
	android:name
		ADDED from android_studio\NaviDemo\AndroidManifest.xml:71:13-84
activity#com.amap.navi.demo.activity.RoutePlanningActivity
ADDED from android_studio\NaviDemo\AndroidManifest.xml:76:9-82:20
	android:windowSoftInputMode
		ADDED from android_studio\NaviDemo\AndroidManifest.xml:81:13-60
	android:label
		ADDED from android_studio\NaviDemo\AndroidManifest.xml:79:13-45
	android:configChanges
		ADDED from android_studio\NaviDemo\AndroidManifest.xml:78:13-74
	android:theme
		ADDED from android_studio\NaviDemo\AndroidManifest.xml:80:13-66
	android:name
		ADDED from android_studio\NaviDemo\AndroidManifest.xml:77:13-77
activity#com.amap.navi.demo.activity.GPSNaviActivity
ADDED from android_studio\NaviDemo\AndroidManifest.xml:83:9-88:20
	android:label
		ADDED from android_studio\NaviDemo\AndroidManifest.xml:86:13-45
	android:configChanges
		ADDED from android_studio\NaviDemo\AndroidManifest.xml:85:13-74
	android:theme
		ADDED from android_studio\NaviDemo\AndroidManifest.xml:87:13-66
	android:name
		ADDED from android_studio\NaviDemo\AndroidManifest.xml:84:13-71
activity#com.amap.navi.demo.activity.CustomTrafficBarViewActivity
ADDED from android_studio\NaviDemo\AndroidManifest.xml:90:9-95:20
	android:label
		ADDED from android_studio\NaviDemo\AndroidManifest.xml:93:13-45
	android:configChanges
		ADDED from android_studio\NaviDemo\AndroidManifest.xml:92:13-74
	android:theme
		ADDED from android_studio\NaviDemo\AndroidManifest.xml:94:13-66
	android:name
		ADDED from android_studio\NaviDemo\AndroidManifest.xml:91:13-84
activity#com.amap.navi.demo.activity.SimpleNaviActivity
ADDED from android_studio\NaviDemo\AndroidManifest.xml:97:9-102:20
	android:label
		ADDED from android_studio\NaviDemo\AndroidManifest.xml:100:13-45
	android:configChanges
		ADDED from android_studio\NaviDemo\AndroidManifest.xml:99:13-74
	android:theme
		ADDED from android_studio\NaviDemo\AndroidManifest.xml:101:13-66
	android:name
		ADDED from android_studio\NaviDemo\AndroidManifest.xml:98:13-74
activity#com.amap.navi.demo.activity.GetNaviStepsAndLinksActivity
ADDED from android_studio\NaviDemo\AndroidManifest.xml:104:9-109:20
	android:label
		ADDED from android_studio\NaviDemo\AndroidManifest.xml:107:13-45
	android:configChanges
		ADDED from android_studio\NaviDemo\AndroidManifest.xml:106:13-74
	android:theme
		ADDED from android_studio\NaviDemo\AndroidManifest.xml:108:13-66
	android:name
		ADDED from android_studio\NaviDemo\AndroidManifest.xml:105:13-84
activity#com.amap.navi.demo.activity.NorthModeActivity
ADDED from android_studio\NaviDemo\AndroidManifest.xml:110:9-115:20
	android:label
		ADDED from android_studio\NaviDemo\AndroidManifest.xml:113:13-45
	android:configChanges
		ADDED from android_studio\NaviDemo\AndroidManifest.xml:112:13-74
	android:theme
		ADDED from android_studio\NaviDemo\AndroidManifest.xml:114:13-66
	android:name
		ADDED from android_studio\NaviDemo\AndroidManifest.xml:111:13-73
activity#com.amap.navi.demo.activity.OverviewModeActivity
ADDED from android_studio\NaviDemo\AndroidManifest.xml:116:9-121:20
	android:label
		ADDED from android_studio\NaviDemo\AndroidManifest.xml:119:13-45
	android:configChanges
		ADDED from android_studio\NaviDemo\AndroidManifest.xml:118:13-74
	android:theme
		ADDED from android_studio\NaviDemo\AndroidManifest.xml:120:13-66
	android:name
		ADDED from android_studio\NaviDemo\AndroidManifest.xml:117:13-76
activity#com.amap.navi.demo.activity.BasicWalkNaviActivity
ADDED from android_studio\NaviDemo\AndroidManifest.xml:123:9-128:20
	android:label
		ADDED from android_studio\NaviDemo\AndroidManifest.xml:126:13-45
	android:configChanges
		ADDED from android_studio\NaviDemo\AndroidManifest.xml:125:13-74
	android:theme
		ADDED from android_studio\NaviDemo\AndroidManifest.xml:127:13-66
	android:name
		ADDED from android_studio\NaviDemo\AndroidManifest.xml:124:13-77
activity#com.amap.navi.demo.activity.UseExtraGpsDataActivity
ADDED from android_studio\NaviDemo\AndroidManifest.xml:131:9-136:20
	android:label
		ADDED from android_studio\NaviDemo\AndroidManifest.xml:134:13-45
	android:configChanges
		ADDED from android_studio\NaviDemo\AndroidManifest.xml:133:13-74
	android:theme
		ADDED from android_studio\NaviDemo\AndroidManifest.xml:135:13-66
	android:name
		ADDED from android_studio\NaviDemo\AndroidManifest.xml:132:13-79
activity#com.amap.navi.demo.activity.CustomCarActivity
ADDED from android_studio\NaviDemo\AndroidManifest.xml:139:9-144:20
	android:label
		ADDED from android_studio\NaviDemo\AndroidManifest.xml:142:13-45
	android:configChanges
		ADDED from android_studio\NaviDemo\AndroidManifest.xml:141:13-74
	android:theme
		ADDED from android_studio\NaviDemo\AndroidManifest.xml:143:13-66
	android:name
		ADDED from android_studio\NaviDemo\AndroidManifest.xml:140:13-73
activity#com.amap.navi.demo.activity.CustomRouteTextureInAMapNaviViewActivity
ADDED from android_studio\NaviDemo\AndroidManifest.xml:146:9-151:20
	android:label
		ADDED from android_studio\NaviDemo\AndroidManifest.xml:149:13-45
	android:configChanges
		ADDED from android_studio\NaviDemo\AndroidManifest.xml:148:13-74
	android:theme
		ADDED from android_studio\NaviDemo\AndroidManifest.xml:150:13-66
	android:name
		ADDED from android_studio\NaviDemo\AndroidManifest.xml:147:13-96
activity#com.amap.navi.demo.activity.CustomDirectionViewActivity
ADDED from android_studio\NaviDemo\AndroidManifest.xml:154:9-159:20
	android:label
		ADDED from android_studio\NaviDemo\AndroidManifest.xml:157:13-45
	android:configChanges
		ADDED from android_studio\NaviDemo\AndroidManifest.xml:156:13-74
	android:theme
		ADDED from android_studio\NaviDemo\AndroidManifest.xml:158:13-66
	android:name
		ADDED from android_studio\NaviDemo\AndroidManifest.xml:155:13-83
activity#com.amap.navi.demo.activity.CustomTrafficButtonViewActivity
ADDED from android_studio\NaviDemo\AndroidManifest.xml:161:9-166:20
	android:label
		ADDED from android_studio\NaviDemo\AndroidManifest.xml:164:13-45
	android:configChanges
		ADDED from android_studio\NaviDemo\AndroidManifest.xml:163:13-74
	android:theme
		ADDED from android_studio\NaviDemo\AndroidManifest.xml:165:13-66
	android:name
		ADDED from android_studio\NaviDemo\AndroidManifest.xml:162:13-87
activity#com.amap.navi.demo.activity.CustomNextTurnTipViewActivity
ADDED from android_studio\NaviDemo\AndroidManifest.xml:169:9-174:20
	android:label
		ADDED from android_studio\NaviDemo\AndroidManifest.xml:172:13-45
	android:configChanges
		ADDED from android_studio\NaviDemo\AndroidManifest.xml:171:13-74
	android:theme
		ADDED from android_studio\NaviDemo\AndroidManifest.xml:173:13-66
	android:name
		ADDED from android_studio\NaviDemo\AndroidManifest.xml:170:13-85
activity#com.amap.navi.demo.activity.CustomZoomButtonViewActivity
ADDED from android_studio\NaviDemo\AndroidManifest.xml:177:9-182:20
	android:label
		ADDED from android_studio\NaviDemo\AndroidManifest.xml:180:13-45
	android:configChanges
		ADDED from android_studio\NaviDemo\AndroidManifest.xml:179:13-74
	android:theme
		ADDED from android_studio\NaviDemo\AndroidManifest.xml:181:13-66
	android:name
		ADDED from android_studio\NaviDemo\AndroidManifest.xml:178:13-84
activity#com.amap.navi.demo.activity.CustomOverviewButtonViewActivity
ADDED from android_studio\NaviDemo\AndroidManifest.xml:185:9-190:20
	android:label
		ADDED from android_studio\NaviDemo\AndroidManifest.xml:188:13-45
	android:configChanges
		ADDED from android_studio\NaviDemo\AndroidManifest.xml:187:13-74
	android:theme
		ADDED from android_studio\NaviDemo\AndroidManifest.xml:189:13-66
	android:name
		ADDED from android_studio\NaviDemo\AndroidManifest.xml:186:13-88
activity#com.amap.navi.demo.activity.RestRouteShowActivity
ADDED from android_studio\NaviDemo\AndroidManifest.xml:191:9-196:20
	android:label
		ADDED from android_studio\NaviDemo\AndroidManifest.xml:194:13-45
	android:configChanges
		ADDED from android_studio\NaviDemo\AndroidManifest.xml:193:13-74
	android:theme
		ADDED from android_studio\NaviDemo\AndroidManifest.xml:195:13-66
	android:name
		ADDED from android_studio\NaviDemo\AndroidManifest.xml:192:13-77
activity#com.amap.navi.demo.activity.RouteNaviActivity
ADDED from android_studio\NaviDemo\AndroidManifest.xml:197:9-202:20
	android:label
		ADDED from android_studio\NaviDemo\AndroidManifest.xml:200:13-45
	android:configChanges
		ADDED from android_studio\NaviDemo\AndroidManifest.xml:199:13-74
	android:theme
		ADDED from android_studio\NaviDemo\AndroidManifest.xml:201:13-66
	android:name
		ADDED from android_studio\NaviDemo\AndroidManifest.xml:198:13-73
activity#com.amap.navi.demo.activity.SingleRouteCalculateActivity
ADDED from android_studio\NaviDemo\AndroidManifest.xml:204:9-209:20
	android:label
		ADDED from android_studio\NaviDemo\AndroidManifest.xml:207:13-45
	android:configChanges
		ADDED from android_studio\NaviDemo\AndroidManifest.xml:206:13-74
	android:theme
		ADDED from android_studio\NaviDemo\AndroidManifest.xml:208:13-66
	android:name
		ADDED from android_studio\NaviDemo\AndroidManifest.xml:205:13-66
activity#com.amap.navi.demo.activity.WalkRouteCalculateActivity
ADDED from android_studio\NaviDemo\AndroidManifest.xml:211:9-216:20
	android:label
		ADDED from android_studio\NaviDemo\AndroidManifest.xml:214:13-45
	android:configChanges
		ADDED from android_studio\NaviDemo\AndroidManifest.xml:213:13-74
	android:theme
		ADDED from android_studio\NaviDemo\AndroidManifest.xml:215:13-66
	android:name
		ADDED from android_studio\NaviDemo\AndroidManifest.xml:212:13-64
activity#com.amap.navi.demo.activity.EmulatorActivity
ADDED from android_studio\NaviDemo\AndroidManifest.xml:218:9-223:20
	android:label
		ADDED from android_studio\NaviDemo\AndroidManifest.xml:221:13-45
	android:configChanges
		ADDED from android_studio\NaviDemo\AndroidManifest.xml:220:13-74
	android:theme
		ADDED from android_studio\NaviDemo\AndroidManifest.xml:222:13-66
	android:name
		ADDED from android_studio\NaviDemo\AndroidManifest.xml:219:13-54
activity#com.amap.navi.demo.activity.custom.CustomUiActivity
ADDED from android_studio\NaviDemo\AndroidManifest.xml:225:9-230:20
	android:label
		ADDED from android_studio\NaviDemo\AndroidManifest.xml:228:13-45
	android:configChanges
		ADDED from android_studio\NaviDemo\AndroidManifest.xml:227:13-74
	android:theme
		ADDED from android_studio\NaviDemo\AndroidManifest.xml:229:13-66
	android:name
		ADDED from android_studio\NaviDemo\AndroidManifest.xml:226:13-61
activity#com.amap.navi.demo.activity.DriverListActivity
ADDED from android_studio\NaviDemo\AndroidManifest.xml:232:9-237:20
	android:label
		ADDED from android_studio\NaviDemo\AndroidManifest.xml:235:13-45
	android:configChanges
		ADDED from android_studio\NaviDemo\AndroidManifest.xml:234:13-74
	android:theme
		ADDED from android_studio\NaviDemo\AndroidManifest.xml:236:13-66
	android:name
		ADDED from android_studio\NaviDemo\AndroidManifest.xml:233:13-56
activity#com.amap.navi.demo.activity.NaviInfoActivity
ADDED from android_studio\NaviDemo\AndroidManifest.xml:239:9-244:20
	android:label
		ADDED from android_studio\NaviDemo\AndroidManifest.xml:242:13-45
	android:configChanges
		ADDED from android_studio\NaviDemo\AndroidManifest.xml:241:13-74
	android:theme
		ADDED from android_studio\NaviDemo\AndroidManifest.xml:243:13-66
	android:name
		ADDED from android_studio\NaviDemo\AndroidManifest.xml:240:13-54
uses-permission#android.permission.INTERNET
ADDED from android_studio\NaviDemo\AndroidManifest.xml:249:5-66
	android:name
		ADDED from android_studio\NaviDemo\AndroidManifest.xml:249:22-64
uses-permission#android.permission.WRITE_EXTERNAL_STORAGE
ADDED from android_studio\NaviDemo\AndroidManifest.xml:250:5-80
	android:name
		ADDED from android_studio\NaviDemo\AndroidManifest.xml:250:22-78
uses-permission#android.permission.ACCESS_COARSE_LOCATION
ADDED from android_studio\NaviDemo\AndroidManifest.xml:251:5-80
	android:name
		ADDED from android_studio\NaviDemo\AndroidManifest.xml:251:22-78
uses-permission#android.permission.ACCESS_NETWORK_STATE
ADDED from android_studio\NaviDemo\AndroidManifest.xml:252:5-78
	android:name
		ADDED from android_studio\NaviDemo\AndroidManifest.xml:252:22-76
uses-permission#android.permission.ACCESS_FINE_LOCATION
ADDED from android_studio\NaviDemo\AndroidManifest.xml:253:5-78
	android:name
		ADDED from android_studio\NaviDemo\AndroidManifest.xml:253:22-76
uses-permission#android.permission.READ_PHONE_STATE
ADDED from android_studio\NaviDemo\AndroidManifest.xml:254:5-74
	android:name
		ADDED from android_studio\NaviDemo\AndroidManifest.xml:254:22-72
uses-permission#android.permission.CHANGE_WIFI_STATE
ADDED from android_studio\NaviDemo\AndroidManifest.xml:255:5-75
	android:name
		ADDED from android_studio\NaviDemo\AndroidManifest.xml:255:22-73
uses-permission#android.permission.ACCESS_WIFI_STATE
ADDED from android_studio\NaviDemo\AndroidManifest.xml:256:5-75
	android:name
		ADDED from android_studio\NaviDemo\AndroidManifest.xml:256:22-73